<?xml version="1.0" encoding="UTF-8"?>
<!-- Generated by org.testng.reporters.JUnitXMLReporter -->
<testsuite ignored="0" hostname="LAPTOP-P8997V13" failures="3" tests="3" name="checkboxTest" time="27.321" errors="0" timestamp="2024-07-13T17:10:36 IST">
  <testcase classname="checkboxes.handlecheckbox2" name="checkbox" time="8.659">
    <failure type="java.lang.NoSuchMethodError" message="java.util.Random.nextLong(J)J">
      <![CDATA[java.lang.NoSuchMethodError: java.util.Random.nextLong(J)J
at checkboxes.handlecheckbox2.checkbox(handlecheckbox2.java:29)
at java.base/java.util.ArrayList.forEach(ArrayList.java:1541)
... Removed 31 stack frames]]>
    </failure>
  </testcase> <!-- checkbox -->
  <testcase classname="checkboxes.handleCheckboxes" name="checkboxes2" time="7.095">
    <failure type="org.openqa.selenium.ElementClickInterceptedException" message="element click intercepted: Element &amp;lt;input id=&amp;quot;sex-0&amp;quot; name=&amp;quot;sex&amp;quot; style=&amp;quot;font-size:14px;margin-left:0;margin-right:0;margin-top:0;padding:0;vertical-align:baseline&amp;quot; type=&amp;quot;radio&amp;quot; value=&amp;quot;Male&amp;quot;&amp;gt; is not clickable at point (302, 672). Other element would receive the click: &amp;lt;center&amp;gt;...&amp;lt;/center&amp;gt;
  (Session info: chrome=126.0.6478.127)
Build info: version: &amp;apos;4.18.1&amp;apos;, revision: &amp;apos;b1d3319b48&amp;apos;
System info: os.name: &amp;apos;Windows 11&amp;apos;, os.arch: &amp;apos;amd64&amp;apos;, os.version: &amp;apos;10.0&amp;apos;, java.version: &amp;apos;11.0.14&amp;apos;
Driver info: org.openqa.selenium.chrome.ChromeDriver
Command: [374de73d59ae4ce32929ad1545cd2314, clickElement {id=f.989AB811E18F2E50B16C79EE5E95E6EB.d.83A99C1A04DEEFB176B918749526078D.e.11}]
Capabilities {acceptInsecureCerts: false, browserName: chrome, browserVersion: 126.0.6478.127, chrome: {chromedriverVersion: 126.0.6478.126 (d36ace6122e..., userDataDir: C:\Users\phani\AppData\Loca...}, fedcm:accounts: true, goog:chromeOptions: {debuggerAddress: localhost:55709}, networkConnectionEnabled: false, pageLoadStrategy: normal, platformName: windows, proxy: Proxy(), se:cdp: ws://localhost:55709/devtoo..., se:cdpVersion: 126.0.6478.127, setWindowRect: true, strictFileInteractability: false, timeouts: {implicit: 0, pageLoad: 300000, script: 30000}, unhandledPromptBehavior: dismiss and notify, webauthn:extension:credBlob: true, webauthn:extension:largeBlob: true, webauthn:extension:minPinLength: true, webauthn:extension:prf: true, webauthn:virtualAuthenticators: true}
Element: [[ChromeDriver: chrome on windows (374de73d59ae4ce32929ad1545cd2314)] -&amp;gt; xpath: //*[@value=&amp;quot;Male&amp;quot;]]
Session ID: 374de73d59ae4ce32929ad1545cd2314">
      <![CDATA[org.openqa.selenium.ElementClickInterceptedException: element click intercepted: Element <input id="sex-0" name="sex" style="font-size:14px;margin-left:0;margin-right:0;margin-top:0;padding:0;vertical-align:baseline" type="radio" value="Male"> is not clickable at point (302, 672). Other element would receive the click: <center>...</center>
  (Session info: chrome=126.0.6478.127)
Build info: version: '4.18.1', revision: 'b1d3319b48'
System info: os.name: 'Windows 11', os.arch: 'amd64', os.version: '10.0', java.version: '11.0.14'
Driver info: org.openqa.selenium.chrome.ChromeDriver
Command: [374de73d59ae4ce32929ad1545cd2314, clickElement {id=f.989AB811E18F2E50B16C79EE5E95E6EB.d.83A99C1A04DEEFB176B918749526078D.e.11}]
Capabilities {acceptInsecureCerts: false, browserName: chrome, browserVersion: 126.0.6478.127, chrome: {chromedriverVersion: 126.0.6478.126 (d36ace6122e..., userDataDir: C:\Users\phani\AppData\Loca...}, fedcm:accounts: true, goog:chromeOptions: {debuggerAddress: localhost:55709}, networkConnectionEnabled: false, pageLoadStrategy: normal, platformName: windows, proxy: Proxy(), se:cdp: ws://localhost:55709/devtoo..., se:cdpVersion: 126.0.6478.127, setWindowRect: true, strictFileInteractability: false, timeouts: {implicit: 0, pageLoad: 300000, script: 30000}, unhandledPromptBehavior: dismiss and notify, webauthn:extension:credBlob: true, webauthn:extension:largeBlob: true, webauthn:extension:minPinLength: true, webauthn:extension:prf: true, webauthn:virtualAuthenticators: true}
Element: [[ChromeDriver: chrome on windows (374de73d59ae4ce32929ad1545cd2314)] -> xpath: //*[@value="Male"]]
Session ID: 374de73d59ae4ce32929ad1545cd2314
at org.openqa.selenium.remote.ErrorCodec.decode(ErrorCodec.java:167)
at org.openqa.selenium.remote.codec.w3c.W3CHttpResponseCodec.decode(W3CHttpResponseCodec.java:138)
at org.openqa.selenium.remote.codec.w3c.W3CHttpResponseCodec.decode(W3CHttpResponseCodec.java:50)
at org.openqa.selenium.remote.HttpCommandExecutor.execute(HttpCommandExecutor.java:190)
at org.openqa.selenium.remote.service.DriverCommandExecutor.invokeExecute(DriverCommandExecutor.java:216)
at org.openqa.selenium.remote.service.DriverCommandExecutor.execute(DriverCommandExecutor.java:174)
at org.openqa.selenium.remote.RemoteWebDriver.execute(RemoteWebDriver.java:519)
at org.openqa.selenium.remote.RemoteWebElement.execute(RemoteWebElement.java:223)
at org.openqa.selenium.remote.RemoteWebElement.click(RemoteWebElement.java:76)
at checkboxes.handleCheckboxes.checkboxes2(handleCheckboxes.java:63)
at java.base/java.util.ArrayList.forEach(ArrayList.java:1541)
... Removed 35 stack frames]]>
    </failure>
  </testcase> <!-- checkboxes2 -->
  <testcase classname="checkboxes.newcheckbox" name="checkbox" time="11.556">
    <failure type="java.lang.NoSuchMethodError" message="java.util.Random.nextLong(J)J">
      <![CDATA[java.lang.NoSuchMethodError: java.util.Random.nextLong(J)J
at checkboxes.newcheckbox.checkbox(newcheckbox.java:31)
at java.base/java.util.ArrayList.forEach(ArrayList.java:1541)
... Removed 31 stack frames]]>
    </failure>
  </testcase> <!-- checkbox -->
</testsuite> <!-- checkboxTest -->
