<!DOCTYPE html PUBLIC "-//W3C//DTD XHTML 1.1//EN" "https://www.w3.org/TR/xhtml11/DTD/xhtml11.dtd">
<html xmlns="https://www.w3.org/1999/xhtml">
<head>
<meta http-equiv="content-type" content="text/html; charset=UTF-8"/>
<title>TestNG Report</title>
<style type="text/css">table {margin-bottom:10px;border-collapse:collapse;empty-cells:show}th,td {border:1px solid #009;padding:.25em .5em}th {vertical-align:bottom}td {vertical-align:top}table a {font-weight:bold}.stripe td {background-color: #E6EBF9}.num {text-align:right}.passedodd td {background-color: #3F3}.passedeven td {background-color: #0A0}.skippedodd td {background-color: #DDD}.skippedeven td {background-color: #CCC}.failedodd td,.attn {background-color: #F33}.failedeven td,.stripe .attn {background-color: #D00}.stacktrace {white-space:pre;font-family:monospace}.totop {font-size:85%;text-align:center;border-bottom:2px solid #000}.invisible {display:none}</style>
</head>
<body>
<table>
<tr><th>Test</th><th># Passed</th><th># Skipped</th><th># Retried</th><th># Failed</th><th>Time (ms)</th><th>Included Groups</th><th>Excluded Groups</th></tr>
<tr><th colspan="8">alertsSuite</th></tr>
<tr><td><a href="#t0">alertsTest</a></td><td class="num">8</td><td class="num">0</td><td class="num">0</td><td class="num">0</td><td class="num">50,701</td><td></td><td></td></tr>
<tr><th colspan="8">checkboxSuite</th></tr>
<tr class="stripe"><td><a href="#t1">checkboxTest</a></td><td class="num">0</td><td class="num">0</td><td class="num">0</td><td class="num attn">3</td><td class="num">27,321</td><td></td><td></td></tr>
<tr><th colspan="8">webdrivermethodsSuite</th></tr>
<tr><td><a href="#t2">webdrivermethodsTest</a></td><td class="num">3</td><td class="num">0</td><td class="num">0</td><td class="num attn">1</td><td class="num">105,886</td><td></td><td></td></tr>
<tr><th colspan="8">framesSuite</th></tr>
<tr class="stripe"><td><a href="#t3">framesTest</a></td><td class="num">1</td><td class="num">0</td><td class="num">0</td><td class="num">0</td><td class="num">10,626</td><td></td><td></td></tr>
<tr><th>Total</th><th class="num">12</th><th class="num">0</th><th class="num">0</th><th class="num attn">4</th><th class="num">194,534</th><th colspan="2"></th></tr>
</table>
<table id='summary'><thead><tr><th>Class</th><th>Method</th><th>Start</th><th>Time (ms)</th></tr></thead><tbody><tr><th colspan="4">alertsSuite</th></tr></tbody><tbody id="t0"><tr><th colspan="4">alertsTest &#8212; passed</th></tr><tr class="passedeven"><td rowspan="6">Alerts.alerts</td><td><a href="#m0">accDetails</a></td><td rowspan="1">1720870881536</td><td rowspan="1">3408</td></tr><tr class="passedeven"><td><a href="#m1">alert</a></td><td rowspan="1">1720870873416</td><td rowspan="1">8106</td></tr><tr class="passedeven"><td><a href="#m2">alerts</a></td><td rowspan="1">1720870886960</td><td rowspan="1">603</td></tr><tr class="passedeven"><td><a href="#m3">checkboxes</a></td><td rowspan="1">1720870884946</td><td rowspan="1">390</td></tr><tr class="passedeven"><td><a href="#m4">pageTitleVerification</a></td><td rowspan="1">1720870881523</td><td rowspan="1">11</td></tr><tr class="passedeven"><td><a href="#m5">weekcheckbox</a></td><td rowspan="1">1720870885337</td><td rowspan="1">1622</td></tr><tr class="passedodd"><td rowspan="1">Alerts.handlingAlertsWithExpectedCondition</td><td><a href="#m6">alert</a></td><td rowspan="1">1720870847100</td><td rowspan="1">15903</td></tr><tr class="passedeven"><td rowspan="1">Alerts.javascriptalert</td><td><a href="#m7">alert</a></td><td rowspan="1">1720870863005</td><td rowspan="1">10408</td></tr></tbody>
<tbody><tr><th colspan="4">checkboxSuite</th></tr></tbody><tbody id="t1"><tr><th colspan="4">checkboxTest &#8212; failed</th></tr><tr class="failedeven"><td rowspan="1">checkboxes.handleCheckboxes</td><td><a href="#m8">checkboxes2</a></td><td rowspan="1">1720870818101</td><td rowspan="1">7095</td></tr><tr class="failedodd"><td rowspan="1">checkboxes.handlecheckbox2</td><td><a href="#m9">checkbox</a></td><td rowspan="1">1720870809439</td><td rowspan="1">8659</td></tr><tr class="failedeven"><td rowspan="1">checkboxes.newcheckbox</td><td><a href="#m10">checkbox</a></td><td rowspan="1">1720870825203</td><td rowspan="1">11556</td></tr></tbody>
<tbody><tr><th colspan="4">webdrivermethodsSuite</th></tr></tbody><tbody id="t2"><tr><th colspan="4">webdrivermethodsTest &#8212; failed</th></tr><tr class="failedeven"><td rowspan="1">webDriverMethods.navigationmethod</td><td><a href="#m11">navigationMethod</a></td><td rowspan="1">1720870775616</td><td rowspan="1">33802</td></tr><tr><th colspan="4">webdrivermethodsTest &#8212; passed</th></tr><tr class="passedeven"><td rowspan="1">webDriverMethods.browsercommands</td><td><a href="#m12">browserCommands</a></td><td rowspan="1">1720870703539</td><td rowspan="1">18412</td></tr><tr class="passedodd"><td rowspan="1">webDriverMethods.conditionalMethods</td><td><a href="#m13">conditionalmethods</a></td><td rowspan="1">1720870721953</td><td rowspan="1">3665</td></tr><tr class="passedeven"><td rowspan="1">webDriverMethods.getmethods</td><td><a href="#m14">getMethods</a></td><td rowspan="1">1720870725619</td><td rowspan="1">49996</td></tr></tbody>
<tbody><tr><th colspan="4">framesSuite</th></tr></tbody><tbody id="t3"><tr><th colspan="4">framesTest &#8212; passed</th></tr><tr class="passedeven"><td rowspan="1">frames.handlingframes</td><td><a href="#m15">frames</a></td><td rowspan="1">1720870692958</td><td rowspan="1">10534</td></tr></tbody>
</table>
<h2>alertsTest</h2><h3 id="m0">Alerts.alerts#accDetails</h3><table class="result"><tr><th class="invisible"/></tr></table><p class="totop"><a href="#summary">back to summary</a></p>
<h3 id="m1">Alerts.alerts#alert</h3><table class="result"><tr><th class="invisible"/></tr></table><p class="totop"><a href="#summary">back to summary</a></p>
<h3 id="m2">Alerts.alerts#alerts</h3><table class="result"><tr><th class="invisible"/></tr></table><p class="totop"><a href="#summary">back to summary</a></p>
<h3 id="m3">Alerts.alerts#checkboxes</h3><table class="result"><tr><th class="invisible"/></tr></table><p class="totop"><a href="#summary">back to summary</a></p>
<h3 id="m4">Alerts.alerts#pageTitleVerification</h3><table class="result"><tr><th class="invisible"/></tr></table><p class="totop"><a href="#summary">back to summary</a></p>
<h3 id="m5">Alerts.alerts#weekcheckbox</h3><table class="result"><tr><th class="invisible"/></tr></table><p class="totop"><a href="#summary">back to summary</a></p>
<h3 id="m6">Alerts.handlingAlertsWithExpectedCondition#alert</h3><table class="result"><tr><th class="invisible"/></tr></table><p class="totop"><a href="#summary">back to summary</a></p>
<h3 id="m7">Alerts.javascriptalert#alert</h3><table class="result"><tr><th class="invisible"/></tr></table><p class="totop"><a href="#summary">back to summary</a></p>
<h2>checkboxTest</h2><h3 id="m8">checkboxes.handleCheckboxes#checkboxes2</h3><table class="result"><tr><th>Exception</th></tr><tr><td><div class="stacktrace">org.openqa.selenium.ElementClickInterceptedException: element click intercepted: Element &lt;input id=&quot;sex-0&quot; name=&quot;sex&quot; style=&quot;font-size:14px;margin-left:0;margin-right:0;margin-top:0;padding:0;vertical-align:baseline&quot; type=&quot;radio&quot; value=&quot;Male&quot;&gt; is not clickable at point (302, 672). Other element would receive the click: &lt;center&gt;...&lt;/center&gt;
  (Session info: chrome=126.0.6478.127)
Build info: version: &apos;4.18.1&apos;, revision: &apos;b1d3319b48&apos;
System info: os.name: &apos;Windows 11&apos;, os.arch: &apos;amd64&apos;, os.version: &apos;10.0&apos;, java.version: &apos;11.0.14&apos;
Driver info: org.openqa.selenium.chrome.ChromeDriver
Command: [374de73d59ae4ce32929ad1545cd2314, clickElement {id=f.989AB811E18F2E50B16C79EE5E95E6EB.d.83A99C1A04DEEFB176B918749526078D.e.11}]
Capabilities {acceptInsecureCerts: false, browserName: chrome, browserVersion: 126.0.6478.127, chrome: {chromedriverVersion: 126.0.6478.126 (d36ace6122e..., userDataDir: C:\Users\phani\AppData\Loca...}, fedcm:accounts: true, goog:chromeOptions: {debuggerAddress: localhost:55709}, networkConnectionEnabled: false, pageLoadStrategy: normal, platformName: windows, proxy: Proxy(), se:cdp: ws://localhost:55709/devtoo..., se:cdpVersion: 126.0.6478.127, setWindowRect: true, strictFileInteractability: false, timeouts: {implicit: 0, pageLoad: 300000, script: 30000}, unhandledPromptBehavior: dismiss and notify, webauthn:extension:credBlob: true, webauthn:extension:largeBlob: true, webauthn:extension:minPinLength: true, webauthn:extension:prf: true, webauthn:virtualAuthenticators: true}
Element: [[ChromeDriver: chrome on windows (374de73d59ae4ce32929ad1545cd2314)] -&gt; xpath: //*[@value=&quot;Male&quot;]]
Session ID: 374de73d59ae4ce32929ad1545cd2314
	at org.openqa.selenium.remote.ErrorCodec.decode(ErrorCodec.java:167)
	at org.openqa.selenium.remote.codec.w3c.W3CHttpResponseCodec.decode(W3CHttpResponseCodec.java:138)
	at org.openqa.selenium.remote.codec.w3c.W3CHttpResponseCodec.decode(W3CHttpResponseCodec.java:50)
	at org.openqa.selenium.remote.HttpCommandExecutor.execute(HttpCommandExecutor.java:190)
	at org.openqa.selenium.remote.service.DriverCommandExecutor.invokeExecute(DriverCommandExecutor.java:216)
	at org.openqa.selenium.remote.service.DriverCommandExecutor.execute(DriverCommandExecutor.java:174)
	at org.openqa.selenium.remote.RemoteWebDriver.execute(RemoteWebDriver.java:519)
	at org.openqa.selenium.remote.RemoteWebElement.execute(RemoteWebElement.java:223)
	at org.openqa.selenium.remote.RemoteWebElement.click(RemoteWebElement.java:76)
	at checkboxes.handleCheckboxes.checkboxes2(handleCheckboxes.java:63)
	at java.base/java.util.ArrayList.forEach(ArrayList.java:1541)
... Removed 35 stack frames</div></td></tr></table><p class="totop"><a href="#summary">back to summary</a></p>
<h3 id="m9">checkboxes.handlecheckbox2#checkbox</h3><table class="result"><tr><th>Exception</th></tr><tr><td><div class="stacktrace">java.lang.NoSuchMethodError: java.util.Random.nextLong(J)J
	at checkboxes.handlecheckbox2.checkbox(handlecheckbox2.java:29)
	at java.base/java.util.ArrayList.forEach(ArrayList.java:1541)
... Removed 31 stack frames</div></td></tr></table><p class="totop"><a href="#summary">back to summary</a></p>
<h3 id="m10">checkboxes.newcheckbox#checkbox</h3><table class="result"><tr><th>Exception</th></tr><tr><td><div class="stacktrace">java.lang.NoSuchMethodError: java.util.Random.nextLong(J)J
	at checkboxes.newcheckbox.checkbox(newcheckbox.java:31)
	at java.base/java.util.ArrayList.forEach(ArrayList.java:1541)
... Removed 31 stack frames</div></td></tr></table><p class="totop"><a href="#summary">back to summary</a></p>
<h2>webdrivermethodsTest</h2><h3 id="m11">webDriverMethods.navigationmethod#navigationMethod</h3><table class="result"><tr><th>Exception</th></tr><tr><td><div class="stacktrace">java.lang.AssertionError: expected [Selenium WebDriver Commands] but found [[[ChromeDriver: chrome on windows (537422793d4bd7e9e7b77e5afe8cfb37)] -&gt; xpath: //*[text()=&apos;Selenium WebDriver Commands&apos;]]]
	at webDriverMethods.navigationmethod.navigationMethod(navigationmethod.java:36)
	at java.base/java.util.ArrayList.forEach(ArrayList.java:1541)
... Removed 36 stack frames</div></td></tr></table><p class="totop"><a href="#summary">back to summary</a></p>
<h3 id="m12">webDriverMethods.browsercommands#browserCommands</h3><table class="result"><tr><th class="invisible"/></tr></table><p class="totop"><a href="#summary">back to summary</a></p>
<h3 id="m13">webDriverMethods.conditionalMethods#conditionalmethods</h3><table class="result"><tr><th class="invisible"/></tr></table><p class="totop"><a href="#summary">back to summary</a></p>
<h3 id="m14">webDriverMethods.getmethods#getMethods</h3><table class="result"><tr><th class="invisible"/></tr></table><p class="totop"><a href="#summary">back to summary</a></p>
<h2>framesTest</h2><h3 id="m15">frames.handlingframes#frames</h3><table class="result"><tr><th class="invisible"/></tr></table><p class="totop"><a href="#summary">back to summary</a></p>
</body>
</html>
