<?xml version="1.0" encoding="UTF-8"?>
<testng-results ignored="0" total="16" passed="12" failed="4" skipped="0">
  <reporter-output>
  </reporter-output>
  <suite started-at="2024-07-13T17:10:37 IST" name="alertsSuite" finished-at="2024-07-13T17:11:27 IST" duration-ms="50701">
    <groups>
    </groups>
    <test started-at="2024-07-13T17:10:37 IST" name="alertsTest" finished-at="2024-07-13T17:11:27 IST" duration-ms="50701">
      <class name="Alerts.javascriptalert">
        <test-method signature="alert()[pri:0, instance:Alerts.javascriptalert@17fc391b]" started-at="2024-07-13T17:11:03 IST" name="alert" finished-at="2024-07-13T17:11:13 IST" duration-ms="10408" status="PASS">
          <reporter-output>
          </reporter-output>
        </test-method> <!-- alert -->
      </class> <!-- Alerts.javascriptalert -->
      <class name="Alerts.alerts">
        <test-method is-config="true" signature="appLaunch()[pri:0, instance:Alerts.alerts@548a24a]" started-at="2024-07-13T17:10:37 IST" name="appLaunch" finished-at="2024-07-13T17:10:47 IST" duration-ms="9676" status="PASS">
          <reporter-output>
          </reporter-output>
        </test-method> <!-- appLaunch -->
        <test-method signature="alert()[pri:0, instance:Alerts.alerts@548a24a]" started-at="2024-07-13T17:11:13 IST" name="alert" finished-at="2024-07-13T17:11:21 IST" duration-ms="8106" status="PASS">
          <reporter-output>
          </reporter-output>
        </test-method> <!-- alert -->
        <test-method signature="pageTitleVerification()[pri:0, instance:Alerts.alerts@548a24a]" started-at="2024-07-13T17:11:21 IST" name="pageTitleVerification" finished-at="2024-07-13T17:11:21 IST" duration-ms="11" status="PASS">
          <reporter-output>
          </reporter-output>
        </test-method> <!-- pageTitleVerification -->
        <test-method signature="accDetails()[pri:1, instance:Alerts.alerts@548a24a]" started-at="2024-07-13T17:11:21 IST" name="accDetails" finished-at="2024-07-13T17:11:24 IST" duration-ms="3408" status="PASS">
          <reporter-output>
          </reporter-output>
        </test-method> <!-- accDetails -->
        <test-method signature="checkboxes()[pri:2, instance:Alerts.alerts@548a24a]" started-at="2024-07-13T17:11:24 IST" name="checkboxes" finished-at="2024-07-13T17:11:25 IST" duration-ms="390" status="PASS">
          <reporter-output>
          </reporter-output>
        </test-method> <!-- checkboxes -->
        <test-method signature="weekcheckbox()[pri:3, instance:Alerts.alerts@548a24a]" started-at="2024-07-13T17:11:25 IST" name="weekcheckbox" finished-at="2024-07-13T17:11:26 IST" duration-ms="1622" status="PASS">
          <reporter-output>
          </reporter-output>
        </test-method> <!-- weekcheckbox -->
        <test-method signature="alerts()[pri:4, instance:Alerts.alerts@548a24a]" started-at="2024-07-13T17:11:26 IST" name="alerts" finished-at="2024-07-13T17:11:27 IST" duration-ms="603" status="PASS">
          <reporter-output>
          </reporter-output>
        </test-method> <!-- alerts -->
        <test-method is-config="true" signature="teardown()[pri:0, instance:Alerts.alerts@548a24a]" started-at="2024-07-13T17:11:27 IST" name="teardown" finished-at="2024-07-13T17:11:27 IST" duration-ms="403" status="PASS">
          <reporter-output>
          </reporter-output>
        </test-method> <!-- teardown -->
      </class> <!-- Alerts.alerts -->
      <class name="Alerts.handlingAlertsWithExpectedCondition">
        <test-method signature="alert()[pri:0, instance:Alerts.handlingAlertsWithExpectedCondition@4082ba93]" started-at="2024-07-13T17:10:47 IST" name="alert" finished-at="2024-07-13T17:11:03 IST" duration-ms="15903" status="PASS">
          <reporter-output>
          </reporter-output>
        </test-method> <!-- alert -->
      </class> <!-- Alerts.handlingAlertsWithExpectedCondition -->
    </test> <!-- alertsTest -->
  </suite> <!-- alertsSuite -->
  <suite started-at="2024-07-13T17:10:09 IST" name="checkboxSuite" finished-at="2024-07-13T17:10:36 IST" duration-ms="27321">
    <groups>
    </groups>
    <test started-at="2024-07-13T17:10:09 IST" name="checkboxTest" finished-at="2024-07-13T17:10:36 IST" duration-ms="27321">
      <class name="checkboxes.newcheckbox">
        <test-method signature="checkbox()[pri:0, instance:checkboxes.newcheckbox@1750fbeb]" started-at="2024-07-13T17:10:25 IST" name="checkbox" finished-at="2024-07-13T17:10:36 IST" duration-ms="11556" status="FAIL">
          <exception class="java.lang.NoSuchMethodError">
            <message>
              <![CDATA[java.util.Random.nextLong(J)J]]>
            </message>
            <full-stacktrace>
              <![CDATA[java.lang.NoSuchMethodError: java.util.Random.nextLong(J)J
at checkboxes.newcheckbox.checkbox(newcheckbox.java:31)
at java.base/jdk.internal.reflect.NativeMethodAccessorImpl.invoke0(Native Method)
at java.base/jdk.internal.reflect.NativeMethodAccessorImpl.invoke(NativeMethodAccessorImpl.java:62)
at java.base/jdk.internal.reflect.DelegatingMethodAccessorImpl.invoke(DelegatingMethodAccessorImpl.java:43)
at java.base/java.lang.reflect.Method.invoke(Method.java:566)
at org.testng.internal.invokers.MethodInvocationHelper.invokeMethod(MethodInvocationHelper.java:139)
at org.testng.internal.invokers.TestInvoker.invokeMethod(TestInvoker.java:664)
at org.testng.internal.invokers.TestInvoker.invokeTestMethod(TestInvoker.java:228)
at org.testng.internal.invokers.MethodRunner.runInSequence(MethodRunner.java:63)
at org.testng.internal.invokers.TestInvoker$MethodInvocationAgent.invoke(TestInvoker.java:961)
at org.testng.internal.invokers.TestInvoker.invokeTestMethods(TestInvoker.java:201)
at org.testng.internal.invokers.TestMethodWorker.invokeTestMethods(TestMethodWorker.java:148)
at org.testng.internal.invokers.TestMethodWorker.run(TestMethodWorker.java:128)
at java.base/java.util.ArrayList.forEach(ArrayList.java:1541)
at org.testng.TestRunner.privateRun(TestRunner.java:819)
at org.testng.TestRunner.run(TestRunner.java:619)
at org.testng.SuiteRunner.runTest(SuiteRunner.java:443)
at org.testng.SuiteRunner.runSequentially(SuiteRunner.java:437)
at org.testng.SuiteRunner.privateRun(SuiteRunner.java:397)
at org.testng.SuiteRunner.run(SuiteRunner.java:336)
at org.testng.SuiteRunnerWorker.runSuite(SuiteRunnerWorker.java:52)
at org.testng.SuiteRunnerWorker.run(SuiteRunnerWorker.java:95)
at org.testng.TestNG.runSuitesSequentially(TestNG.java:1301)
at org.testng.TestNG.runSuitesLocally(TestNG.java:1228)
at org.testng.TestNG.runSuites(TestNG.java:1134)
at org.testng.TestNG.run(TestNG.java:1101)
at org.apache.maven.surefire.testng.TestNGExecutor.run(TestNGExecutor.java:308)
at org.apache.maven.surefire.testng.TestNGXmlTestSuite.execute(TestNGXmlTestSuite.java:71)
at org.apache.maven.surefire.testng.TestNGProvider.invoke(TestNGProvider.java:113)
at org.apache.maven.surefire.booter.ForkedBooter.runSuitesInProcess(ForkedBooter.java:385)
at org.apache.maven.surefire.booter.ForkedBooter.execute(ForkedBooter.java:162)
at org.apache.maven.surefire.booter.ForkedBooter.run(ForkedBooter.java:507)
at org.apache.maven.surefire.booter.ForkedBooter.main(ForkedBooter.java:495)
]]>
            </full-stacktrace>
          </exception> <!-- java.lang.NoSuchMethodError -->
          <reporter-output>
          </reporter-output>
        </test-method> <!-- checkbox -->
      </class> <!-- checkboxes.newcheckbox -->
      <class name="checkboxes.handleCheckboxes">
        <test-method signature="checkboxes2()[pri:0, instance:checkboxes.handleCheckboxes@7ce69770]" started-at="2024-07-13T17:10:18 IST" name="checkboxes2" finished-at="2024-07-13T17:10:25 IST" duration-ms="7095" status="FAIL">
          <exception class="org.openqa.selenium.ElementClickInterceptedException">
            <message>
              <![CDATA[element click intercepted: Element <input id="sex-0" name="sex" style="font-size:14px;margin-left:0;margin-right:0;margin-top:0;padding:0;vertical-align:baseline" type="radio" value="Male"> is not clickable at point (302, 672). Other element would receive the click: <center>...</center>
  (Session info: chrome=126.0.6478.127)
Build info: version: '4.18.1', revision: 'b1d3319b48'
System info: os.name: 'Windows 11', os.arch: 'amd64', os.version: '10.0', java.version: '11.0.14'
Driver info: org.openqa.selenium.chrome.ChromeDriver
Command: [374de73d59ae4ce32929ad1545cd2314, clickElement {id=f.989AB811E18F2E50B16C79EE5E95E6EB.d.83A99C1A04DEEFB176B918749526078D.e.11}]
Capabilities {acceptInsecureCerts: false, browserName: chrome, browserVersion: 126.0.6478.127, chrome: {chromedriverVersion: 126.0.6478.126 (d36ace6122e..., userDataDir: C:\Users\phani\AppData\Loca...}, fedcm:accounts: true, goog:chromeOptions: {debuggerAddress: localhost:55709}, networkConnectionEnabled: false, pageLoadStrategy: normal, platformName: windows, proxy: Proxy(), se:cdp: ws://localhost:55709/devtoo..., se:cdpVersion: 126.0.6478.127, setWindowRect: true, strictFileInteractability: false, timeouts: {implicit: 0, pageLoad: 300000, script: 30000}, unhandledPromptBehavior: dismiss and notify, webauthn:extension:credBlob: true, webauthn:extension:largeBlob: true, webauthn:extension:minPinLength: true, webauthn:extension:prf: true, webauthn:virtualAuthenticators: true}
Element: [[ChromeDriver: chrome on windows (374de73d59ae4ce32929ad1545cd2314)] -> xpath: //*[@value="Male"]]
Session ID: 374de73d59ae4ce32929ad1545cd2314]]>
            </message>
            <full-stacktrace>
              <![CDATA[org.openqa.selenium.ElementClickInterceptedException: element click intercepted: Element <input id="sex-0" name="sex" style="font-size:14px;margin-left:0;margin-right:0;margin-top:0;padding:0;vertical-align:baseline" type="radio" value="Male"> is not clickable at point (302, 672). Other element would receive the click: <center>...</center>
  (Session info: chrome=126.0.6478.127)
Build info: version: '4.18.1', revision: 'b1d3319b48'
System info: os.name: 'Windows 11', os.arch: 'amd64', os.version: '10.0', java.version: '11.0.14'
Driver info: org.openqa.selenium.chrome.ChromeDriver
Command: [374de73d59ae4ce32929ad1545cd2314, clickElement {id=f.989AB811E18F2E50B16C79EE5E95E6EB.d.83A99C1A04DEEFB176B918749526078D.e.11}]
Capabilities {acceptInsecureCerts: false, browserName: chrome, browserVersion: 126.0.6478.127, chrome: {chromedriverVersion: 126.0.6478.126 (d36ace6122e..., userDataDir: C:\Users\phani\AppData\Loca...}, fedcm:accounts: true, goog:chromeOptions: {debuggerAddress: localhost:55709}, networkConnectionEnabled: false, pageLoadStrategy: normal, platformName: windows, proxy: Proxy(), se:cdp: ws://localhost:55709/devtoo..., se:cdpVersion: 126.0.6478.127, setWindowRect: true, strictFileInteractability: false, timeouts: {implicit: 0, pageLoad: 300000, script: 30000}, unhandledPromptBehavior: dismiss and notify, webauthn:extension:credBlob: true, webauthn:extension:largeBlob: true, webauthn:extension:minPinLength: true, webauthn:extension:prf: true, webauthn:virtualAuthenticators: true}
Element: [[ChromeDriver: chrome on windows (374de73d59ae4ce32929ad1545cd2314)] -> xpath: //*[@value="Male"]]
Session ID: 374de73d59ae4ce32929ad1545cd2314
at java.base/jdk.internal.reflect.NativeConstructorAccessorImpl.newInstance0(Native Method)
at java.base/jdk.internal.reflect.NativeConstructorAccessorImpl.newInstance(NativeConstructorAccessorImpl.java:62)
at java.base/jdk.internal.reflect.DelegatingConstructorAccessorImpl.newInstance(DelegatingConstructorAccessorImpl.java:45)
at java.base/java.lang.reflect.Constructor.newInstance(Constructor.java:490)
at org.openqa.selenium.remote.ErrorCodec.decode(ErrorCodec.java:167)
at org.openqa.selenium.remote.codec.w3c.W3CHttpResponseCodec.decode(W3CHttpResponseCodec.java:138)
at org.openqa.selenium.remote.codec.w3c.W3CHttpResponseCodec.decode(W3CHttpResponseCodec.java:50)
at org.openqa.selenium.remote.HttpCommandExecutor.execute(HttpCommandExecutor.java:190)
at org.openqa.selenium.remote.service.DriverCommandExecutor.invokeExecute(DriverCommandExecutor.java:216)
at org.openqa.selenium.remote.service.DriverCommandExecutor.execute(DriverCommandExecutor.java:174)
at org.openqa.selenium.remote.RemoteWebDriver.execute(RemoteWebDriver.java:519)
at org.openqa.selenium.remote.RemoteWebElement.execute(RemoteWebElement.java:223)
at org.openqa.selenium.remote.RemoteWebElement.click(RemoteWebElement.java:76)
at checkboxes.handleCheckboxes.checkboxes2(handleCheckboxes.java:63)
at java.base/jdk.internal.reflect.NativeMethodAccessorImpl.invoke0(Native Method)
at java.base/jdk.internal.reflect.NativeMethodAccessorImpl.invoke(NativeMethodAccessorImpl.java:62)
at java.base/jdk.internal.reflect.DelegatingMethodAccessorImpl.invoke(DelegatingMethodAccessorImpl.java:43)
at java.base/java.lang.reflect.Method.invoke(Method.java:566)
at org.testng.internal.invokers.MethodInvocationHelper.invokeMethod(MethodInvocationHelper.java:139)
at org.testng.internal.invokers.TestInvoker.invokeMethod(TestInvoker.java:664)
at org.testng.internal.invokers.TestInvoker.invokeTestMethod(TestInvoker.java:228)
at org.testng.internal.invokers.MethodRunner.runInSequence(MethodRunner.java:63)
at org.testng.internal.invokers.TestInvoker$MethodInvocationAgent.invoke(TestInvoker.java:961)
at org.testng.internal.invokers.TestInvoker.invokeTestMethods(TestInvoker.java:201)
at org.testng.internal.invokers.TestMethodWorker.invokeTestMethods(TestMethodWorker.java:148)
at org.testng.internal.invokers.TestMethodWorker.run(TestMethodWorker.java:128)
at java.base/java.util.ArrayList.forEach(ArrayList.java:1541)
at org.testng.TestRunner.privateRun(TestRunner.java:819)
at org.testng.TestRunner.run(TestRunner.java:619)
at org.testng.SuiteRunner.runTest(SuiteRunner.java:443)
at org.testng.SuiteRunner.runSequentially(SuiteRunner.java:437)
at org.testng.SuiteRunner.privateRun(SuiteRunner.java:397)
at org.testng.SuiteRunner.run(SuiteRunner.java:336)
at org.testng.SuiteRunnerWorker.runSuite(SuiteRunnerWorker.java:52)
at org.testng.SuiteRunnerWorker.run(SuiteRunnerWorker.java:95)
at org.testng.TestNG.runSuitesSequentially(TestNG.java:1301)
at org.testng.TestNG.runSuitesLocally(TestNG.java:1228)
at org.testng.TestNG.runSuites(TestNG.java:1134)
at org.testng.TestNG.run(TestNG.java:1101)
at org.apache.maven.surefire.testng.TestNGExecutor.run(TestNGExecutor.java:308)
at org.apache.maven.surefire.testng.TestNGXmlTestSuite.execute(TestNGXmlTestSuite.java:71)
at org.apache.maven.surefire.testng.TestNGProvider.invoke(TestNGProvider.java:113)
at org.apache.maven.surefire.booter.ForkedBooter.runSuitesInProcess(ForkedBooter.java:385)
at org.apache.maven.surefire.booter.ForkedBooter.execute(ForkedBooter.java:162)
at org.apache.maven.surefire.booter.ForkedBooter.run(ForkedBooter.java:507)
at org.apache.maven.surefire.booter.ForkedBooter.main(ForkedBooter.java:495)
]]>
            </full-stacktrace>
          </exception> <!-- org.openqa.selenium.ElementClickInterceptedException -->
          <reporter-output>
          </reporter-output>
        </test-method> <!-- checkboxes2 -->
      </class> <!-- checkboxes.handleCheckboxes -->
      <class name="checkboxes.handlecheckbox2">
        <test-method signature="checkbox()[pri:0, instance:checkboxes.handlecheckbox2@7ce026d3]" started-at="2024-07-13T17:10:09 IST" name="checkbox" finished-at="2024-07-13T17:10:18 IST" duration-ms="8659" status="FAIL">
          <exception class="java.lang.NoSuchMethodError">
            <message>
              <![CDATA[java.util.Random.nextLong(J)J]]>
            </message>
            <full-stacktrace>
              <![CDATA[java.lang.NoSuchMethodError: java.util.Random.nextLong(J)J
at checkboxes.handlecheckbox2.checkbox(handlecheckbox2.java:29)
at java.base/jdk.internal.reflect.NativeMethodAccessorImpl.invoke0(Native Method)
at java.base/jdk.internal.reflect.NativeMethodAccessorImpl.invoke(NativeMethodAccessorImpl.java:62)
at java.base/jdk.internal.reflect.DelegatingMethodAccessorImpl.invoke(DelegatingMethodAccessorImpl.java:43)
at java.base/java.lang.reflect.Method.invoke(Method.java:566)
at org.testng.internal.invokers.MethodInvocationHelper.invokeMethod(MethodInvocationHelper.java:139)
at org.testng.internal.invokers.TestInvoker.invokeMethod(TestInvoker.java:664)
at org.testng.internal.invokers.TestInvoker.invokeTestMethod(TestInvoker.java:228)
at org.testng.internal.invokers.MethodRunner.runInSequence(MethodRunner.java:63)
at org.testng.internal.invokers.TestInvoker$MethodInvocationAgent.invoke(TestInvoker.java:961)
at org.testng.internal.invokers.TestInvoker.invokeTestMethods(TestInvoker.java:201)
at org.testng.internal.invokers.TestMethodWorker.invokeTestMethods(TestMethodWorker.java:148)
at org.testng.internal.invokers.TestMethodWorker.run(TestMethodWorker.java:128)
at java.base/java.util.ArrayList.forEach(ArrayList.java:1541)
at org.testng.TestRunner.privateRun(TestRunner.java:819)
at org.testng.TestRunner.run(TestRunner.java:619)
at org.testng.SuiteRunner.runTest(SuiteRunner.java:443)
at org.testng.SuiteRunner.runSequentially(SuiteRunner.java:437)
at org.testng.SuiteRunner.privateRun(SuiteRunner.java:397)
at org.testng.SuiteRunner.run(SuiteRunner.java:336)
at org.testng.SuiteRunnerWorker.runSuite(SuiteRunnerWorker.java:52)
at org.testng.SuiteRunnerWorker.run(SuiteRunnerWorker.java:95)
at org.testng.TestNG.runSuitesSequentially(TestNG.java:1301)
at org.testng.TestNG.runSuitesLocally(TestNG.java:1228)
at org.testng.TestNG.runSuites(TestNG.java:1134)
at org.testng.TestNG.run(TestNG.java:1101)
at org.apache.maven.surefire.testng.TestNGExecutor.run(TestNGExecutor.java:308)
at org.apache.maven.surefire.testng.TestNGXmlTestSuite.execute(TestNGXmlTestSuite.java:71)
at org.apache.maven.surefire.testng.TestNGProvider.invoke(TestNGProvider.java:113)
at org.apache.maven.surefire.booter.ForkedBooter.runSuitesInProcess(ForkedBooter.java:385)
at org.apache.maven.surefire.booter.ForkedBooter.execute(ForkedBooter.java:162)
at org.apache.maven.surefire.booter.ForkedBooter.run(ForkedBooter.java:507)
at org.apache.maven.surefire.booter.ForkedBooter.main(ForkedBooter.java:495)
]]>
            </full-stacktrace>
          </exception> <!-- java.lang.NoSuchMethodError -->
          <reporter-output>
          </reporter-output>
        </test-method> <!-- checkbox -->
      </class> <!-- checkboxes.handlecheckbox2 -->
    </test> <!-- checkboxTest -->
  </suite> <!-- checkboxSuite -->
  <suite started-at="2024-07-13T17:08:23 IST" name="webdrivermethodsSuite" finished-at="2024-07-13T17:10:09 IST" duration-ms="105886">
    <groups>
    </groups>
    <test started-at="2024-07-13T17:08:23 IST" name="webdrivermethodsTest" finished-at="2024-07-13T17:10:09 IST" duration-ms="105886">
      <class name="webDriverMethods.getmethods">
        <test-method signature="getMethods()[pri:0, instance:webDriverMethods.getmethods@72cc7e6f]" started-at="2024-07-13T17:08:45 IST" name="getMethods" finished-at="2024-07-13T17:09:35 IST" duration-ms="49996" status="PASS">
          <reporter-output>
          </reporter-output>
        </test-method> <!-- getMethods -->
      </class> <!-- webDriverMethods.getmethods -->
      <class name="webDriverMethods.browsercommands">
        <test-method signature="browserCommands()[pri:0, instance:webDriverMethods.browsercommands@3f191845]" started-at="2024-07-13T17:08:23 IST" name="browserCommands" finished-at="2024-07-13T17:08:41 IST" duration-ms="18412" status="PASS">
          <reporter-output>
          </reporter-output>
        </test-method> <!-- browserCommands -->
      </class> <!-- webDriverMethods.browsercommands -->
      <class name="webDriverMethods.conditionalMethods">
        <test-method signature="conditionalmethods()[pri:0, instance:webDriverMethods.conditionalMethods@5f049ea1]" started-at="2024-07-13T17:08:41 IST" name="conditionalmethods" finished-at="2024-07-13T17:08:45 IST" duration-ms="3665" status="PASS">
          <reporter-output>
          </reporter-output>
        </test-method> <!-- conditionalmethods -->
      </class> <!-- webDriverMethods.conditionalMethods -->
      <class name="webDriverMethods.navigationmethod">
        <test-method signature="navigationMethod()[pri:0, instance:webDriverMethods.navigationmethod@5afa3c9]" started-at="2024-07-13T17:09:35 IST" name="navigationMethod" finished-at="2024-07-13T17:10:09 IST" duration-ms="33802" status="FAIL">
          <exception class="java.lang.AssertionError">
            <message>
              <![CDATA[expected [Selenium WebDriver Commands] but found [[[ChromeDriver: chrome on windows (537422793d4bd7e9e7b77e5afe8cfb37)] -> xpath: //*[text()='Selenium WebDriver Commands']]]]]>
            </message>
            <full-stacktrace>
              <![CDATA[java.lang.AssertionError: expected [Selenium WebDriver Commands] but found [[[ChromeDriver: chrome on windows (537422793d4bd7e9e7b77e5afe8cfb37)] -> xpath: //*[text()='Selenium WebDriver Commands']]]
at org.testng.Assert.fail(Assert.java:111)
at org.testng.Assert.failNotEquals(Assert.java:1578)
at org.testng.Assert.assertEqualsImpl(Assert.java:150)
at org.testng.Assert.assertEquals(Assert.java:132)
at org.testng.Assert.assertEquals(Assert.java:644)
at webDriverMethods.navigationmethod.navigationMethod(navigationmethod.java:36)
at java.base/jdk.internal.reflect.NativeMethodAccessorImpl.invoke0(Native Method)
at java.base/jdk.internal.reflect.NativeMethodAccessorImpl.invoke(NativeMethodAccessorImpl.java:62)
at java.base/jdk.internal.reflect.DelegatingMethodAccessorImpl.invoke(DelegatingMethodAccessorImpl.java:43)
at java.base/java.lang.reflect.Method.invoke(Method.java:566)
at org.testng.internal.invokers.MethodInvocationHelper.invokeMethod(MethodInvocationHelper.java:139)
at org.testng.internal.invokers.TestInvoker.invokeMethod(TestInvoker.java:664)
at org.testng.internal.invokers.TestInvoker.invokeTestMethod(TestInvoker.java:228)
at org.testng.internal.invokers.MethodRunner.runInSequence(MethodRunner.java:63)
at org.testng.internal.invokers.TestInvoker$MethodInvocationAgent.invoke(TestInvoker.java:961)
at org.testng.internal.invokers.TestInvoker.invokeTestMethods(TestInvoker.java:201)
at org.testng.internal.invokers.TestMethodWorker.invokeTestMethods(TestMethodWorker.java:148)
at org.testng.internal.invokers.TestMethodWorker.run(TestMethodWorker.java:128)
at java.base/java.util.ArrayList.forEach(ArrayList.java:1541)
at org.testng.TestRunner.privateRun(TestRunner.java:819)
at org.testng.TestRunner.run(TestRunner.java:619)
at org.testng.SuiteRunner.runTest(SuiteRunner.java:443)
at org.testng.SuiteRunner.runSequentially(SuiteRunner.java:437)
at org.testng.SuiteRunner.privateRun(SuiteRunner.java:397)
at org.testng.SuiteRunner.run(SuiteRunner.java:336)
at org.testng.SuiteRunnerWorker.runSuite(SuiteRunnerWorker.java:52)
at org.testng.SuiteRunnerWorker.run(SuiteRunnerWorker.java:95)
at org.testng.TestNG.runSuitesSequentially(TestNG.java:1301)
at org.testng.TestNG.runSuitesLocally(TestNG.java:1228)
at org.testng.TestNG.runSuites(TestNG.java:1134)
at org.testng.TestNG.run(TestNG.java:1101)
at org.apache.maven.surefire.testng.TestNGExecutor.run(TestNGExecutor.java:308)
at org.apache.maven.surefire.testng.TestNGXmlTestSuite.execute(TestNGXmlTestSuite.java:71)
at org.apache.maven.surefire.testng.TestNGProvider.invoke(TestNGProvider.java:113)
at org.apache.maven.surefire.booter.ForkedBooter.runSuitesInProcess(ForkedBooter.java:385)
at org.apache.maven.surefire.booter.ForkedBooter.execute(ForkedBooter.java:162)
at org.apache.maven.surefire.booter.ForkedBooter.run(ForkedBooter.java:507)
at org.apache.maven.surefire.booter.ForkedBooter.main(ForkedBooter.java:495)
]]>
            </full-stacktrace>
          </exception> <!-- java.lang.AssertionError -->
          <reporter-output>
          </reporter-output>
        </test-method> <!-- navigationMethod -->
      </class> <!-- webDriverMethods.navigationmethod -->
    </test> <!-- webdrivermethodsTest -->
  </suite> <!-- webdrivermethodsSuite -->
  <suite started-at="2024-07-13T17:08:12 IST" name="framesSuite" finished-at="2024-07-13T17:08:23 IST" duration-ms="10626">
    <groups>
    </groups>
    <test started-at="2024-07-13T17:08:12 IST" name="framesTest" finished-at="2024-07-13T17:08:23 IST" duration-ms="10626">
      <class name="frames.handlingframes">
        <test-method signature="frames()[pri:0, instance:frames.handlingframes@52719fb6]" started-at="2024-07-13T17:08:12 IST" name="frames" finished-at="2024-07-13T17:08:23 IST" duration-ms="10534" status="PASS">
          <reporter-output>
          </reporter-output>
        </test-method> <!-- frames -->
      </class> <!-- frames.handlingframes -->
    </test> <!-- framesTest -->
  </suite> <!-- framesSuite -->
</testng-results>
