<?xml version="1.0" encoding="UTF-8"?>
<testng-results ignored="0" total="4" passed="3" failed="1" skipped="0">
  <reporter-output>
  </reporter-output>
  <suite started-at="2024-07-10T00:07:29 IST" name="webdrivermethodsSuite" finished-at="2024-07-10T00:08:15 IST" duration-ms="45247">
    <groups>
    </groups>
    <test started-at="2024-07-10T00:07:29 IST" name="webdrivermethodsTest" finished-at="2024-07-10T00:08:15 IST" duration-ms="45247">
      <class name="webDriverMethods.getmethods">
        <test-method signature="getMethods()[pri:0, instance:webDriverMethods.getmethods@51e69659]" started-at="2024-07-10T00:07:50 IST" name="getMethods" finished-at="2024-07-10T00:08:07 IST" duration-ms="17247" status="PASS">
          <reporter-output>
          </reporter-output>
        </test-method> <!-- getMethods -->
      </class> <!-- webDriverMethods.getmethods -->
      <class name="webDriverMethods.browsercommands">
        <test-method signature="browserCommands()[pri:0, instance:webDriverMethods.browsercommands@2ea41516]" started-at="2024-07-10T00:07:29 IST" name="browserCommands" finished-at="2024-07-10T00:07:47 IST" duration-ms="17207" status="PASS">
          <reporter-output>
          </reporter-output>
        </test-method> <!-- browserCommands -->
      </class> <!-- webDriverMethods.browsercommands -->
      <class name="webDriverMethods.conditionalMethods">
        <test-method signature="conditionalmethods()[pri:0, instance:webDriverMethods.conditionalMethods@659499f1]" started-at="2024-07-10T00:07:47 IST" name="conditionalmethods" finished-at="2024-07-10T00:07:50 IST" duration-ms="2949" status="PASS">
          <reporter-output>
          </reporter-output>
        </test-method> <!-- conditionalmethods -->
      </class> <!-- webDriverMethods.conditionalMethods -->
      <class name="webDriverMethods.navigationmethod">
        <test-method signature="navigationMethod()[pri:0, instance:webDriverMethods.navigationmethod@47e2e487]" started-at="2024-07-10T00:08:07 IST" name="navigationMethod" finished-at="2024-07-10T00:08:15 IST" duration-ms="7801" status="FAIL">
          <exception class="java.lang.AssertionError">
            <message>
              <![CDATA[expected [Selenium WebDriver Commands] but found [[[ChromeDriver: chrome on windows (89e861258abbff9af244a42d56cba9c4)] -> xpath: //*[text()='Selenium WebDriver Commands']]]]]>
            </message>
            <full-stacktrace>
              <![CDATA[java.lang.AssertionError: expected [Selenium WebDriver Commands] but found [[[ChromeDriver: chrome on windows (89e861258abbff9af244a42d56cba9c4)] -> xpath: //*[text()='Selenium WebDriver Commands']]]
at org.testng.Assert.fail(Assert.java:99)
at org.testng.Assert.failNotEquals(Assert.java:1037)
at org.testng.Assert.assertEqualsImpl(Assert.java:140)
at org.testng.Assert.assertEquals(Assert.java:122)
at org.testng.Assert.assertEquals(Assert.java:617)
at webDriverMethods.navigationmethod.navigationMethod(navigationmethod.java:36)
at java.base/jdk.internal.reflect.NativeMethodAccessorImpl.invoke0(Native Method)
at java.base/jdk.internal.reflect.NativeMethodAccessorImpl.invoke(NativeMethodAccessorImpl.java:77)
at java.base/jdk.internal.reflect.DelegatingMethodAccessorImpl.invoke(DelegatingMethodAccessorImpl.java:43)
at java.base/java.lang.reflect.Method.invoke(Method.java:568)
at org.testng.internal.MethodInvocationHelper.invokeMethod(MethodInvocationHelper.java:133)
at org.testng.internal.TestInvoker.invokeMethod(TestInvoker.java:598)
at org.testng.internal.TestInvoker.invokeTestMethod(TestInvoker.java:173)
at org.testng.internal.MethodRunner.runInSequence(MethodRunner.java:46)
at org.testng.internal.TestInvoker$MethodInvocationAgent.invoke(TestInvoker.java:824)
at org.testng.internal.TestInvoker.invokeTestMethods(TestInvoker.java:146)
at org.testng.internal.TestMethodWorker.invokeTestMethods(TestMethodWorker.java:146)
at org.testng.internal.TestMethodWorker.run(TestMethodWorker.java:128)
at java.base/java.util.ArrayList.forEach(ArrayList.java:1511)
at org.testng.TestRunner.privateRun(TestRunner.java:794)
at org.testng.TestRunner.run(TestRunner.java:596)
at org.testng.SuiteRunner.runTest(SuiteRunner.java:377)
at org.testng.SuiteRunner.runSequentially(SuiteRunner.java:371)
at org.testng.SuiteRunner.privateRun(SuiteRunner.java:332)
at org.testng.SuiteRunner.run(SuiteRunner.java:276)
at org.testng.SuiteRunnerWorker.runSuite(SuiteRunnerWorker.java:53)
at org.testng.SuiteRunnerWorker.run(SuiteRunnerWorker.java:96)
at org.testng.TestNG.runSuitesSequentially(TestNG.java:1212)
at org.testng.TestNG.runSuitesLocally(TestNG.java:1134)
at org.testng.TestNG.runSuites(TestNG.java:1063)
at org.testng.TestNG.run(TestNG.java:1031)
at org.testng.remote.AbstractRemoteTestNG.run(AbstractRemoteTestNG.java:115)
at org.testng.remote.RemoteTestNG.initAndRun(RemoteTestNG.java:293)
at org.testng.remote.RemoteTestNG.main(RemoteTestNG.java:91)
]]>
            </full-stacktrace>
          </exception> <!-- java.lang.AssertionError -->
          <reporter-output>
          </reporter-output>
        </test-method> <!-- navigationMethod -->
      </class> <!-- webDriverMethods.navigationmethod -->
    </test> <!-- webdrivermethodsTest -->
  </suite> <!-- webdrivermethodsSuite -->
</testng-results>
