<?xml version="1.0" encoding="UTF-8"?>
<!-- Generated by org.testng.reporters.JUnitXMLReporter -->
<testsuite ignored="0" hostname="LAPTOP-P8997V13" failures="1" tests="4" name="webdrivermethodsTest" time="45.247" errors="0" timestamp="2024-07-10T00:08:15 IST">
  <testcase classname="webDriverMethods.browsercommands" name="browserCommands" time="17.207"/>
  <testcase classname="webDriverMethods.conditionalMethods" name="conditionalmethods" time="2.949"/>
  <testcase classname="webDriverMethods.getmethods" name="getMethods" time="17.247"/>
  <testcase classname="webDriverMethods.navigationmethod" name="navigationMethod" time="7.801">
    <failure type="java.lang.AssertionError" message="expected [Selenium WebDriver Commands] but found [[[ChromeDriver: chrome on windows (89e861258abbff9af244a42d56cba9c4)] -&amp;gt; xpath: //*[text()=&amp;apos;Selenium WebDriver Commands&amp;apos;]]]">
      <![CDATA[java.lang.AssertionError: expected [Selenium WebDriver Commands] but found [[[ChromeDriver: chrome on windows (89e861258abbff9af244a42d56cba9c4)] -> xpath: //*[text()='Selenium WebDriver Commands']]]
at webDriverMethods.navigationmethod.navigationMethod(navigationmethod.java:36)
at java.base/java.util.ArrayList.forEach(ArrayList.java:1511)
... Removed 32 stack frames]]>
    </failure>
  </testcase> <!-- navigationMethod -->
</testsuite> <!-- webdrivermethodsTest -->
