<?xml version="1.0" encoding="UTF-8"?>
<!-- Generated by org.testng.reporters.JUnitXMLReporter -->
<testsuite ignored="0" hostname="LAPTOP-P8997V13" failures="1" tests="4" name="webdrivermethodsTest" time="105.886" errors="0" timestamp="2024-07-13T17:10:09 IST">
  <testcase classname="webDriverMethods.browsercommands" name="browserCommands" time="18.412"/>
  <testcase classname="webDriverMethods.conditionalMethods" name="conditionalmethods" time="3.665"/>
  <testcase classname="webDriverMethods.getmethods" name="getMethods" time="49.996"/>
  <testcase classname="webDriverMethods.navigationmethod" name="navigationMethod" time="33.802">
    <failure type="java.lang.AssertionError" message="expected [Selenium WebDriver Commands] but found [[[ChromeDriver: chrome on windows (537422793d4bd7e9e7b77e5afe8cfb37)] -&amp;gt; xpath: //*[text()=&amp;apos;Selenium WebDriver Commands&amp;apos;]]]">
      <![CDATA[java.lang.AssertionError: expected [Selenium WebDriver Commands] but found [[[ChromeDriver: chrome on windows (537422793d4bd7e9e7b77e5afe8cfb37)] -> xpath: //*[text()='Selenium WebDriver Commands']]]
at webDriverMethods.navigationmethod.navigationMethod(navigationmethod.java:36)
at java.base/java.util.ArrayList.forEach(ArrayList.java:1541)
... Removed 36 stack frames]]>
    </failure>
  </testcase> <!-- navigationMethod -->
</testsuite> <!-- webdrivermethodsTest -->
